This is pdfTeX, Version 3.14159265-2.6-1.40.17 (TeX Live 2016) (preloaded format=pdflatex 2016.5.22)  10 MAY 2019 16:25
entering extended mode
 restricted \write18 enabled.
 %&-line parsing enabled.
**ThesisSyedRaza.tex
(./ThesisSyedRaza.tex
LaTeX2e <2016/03/31>
Babel <3.9r> and hyphenation patterns for 83 language(s) loaded.
(/usr/local/texlive/2016/texmf-dist/tex/latex/base/report.cls
Document Class: report 2014/09/29 v1.4h Standard LaTeX document class
(/usr/local/texlive/2016/texmf-dist/tex/latex/base/size12.clo
File: size12.clo 2014/09/29 v1.4h Standard LaTeX file (size option)
)
\c@part=\count79
\c@chapter=\count80
\c@section=\count81
\c@subsection=\count82
\c@subsubsection=\count83
\c@paragraph=\count84
\c@subparagraph=\count85
\c@figure=\count86
\c@table=\count87
\abovecaptionskip=\skip41
\belowcaptionskip=\skip42
\bibindent=\dimen102
)
(/usr/local/texlive/2016/texmf-dist/tex/latex/amsmath/amsmath.sty
Package: amsmath 2016/03/10 v2.15b AMS math features
\@mathmargin=\skip43

For additional information on amsmath, use the `?' option.
(/usr/local/texlive/2016/texmf-dist/tex/latex/amsmath/amstext.sty
Package: amstext 2000/06/29 v2.01 AMS text

(/usr/local/texlive/2016/texmf-dist/tex/latex/amsmath/amsgen.sty
File: amsgen.sty 1999/11/30 v2.0 generic functions
\@emptytoks=\toks14
\ex@=\dimen103
))
(/usr/local/texlive/2016/texmf-dist/tex/latex/amsmath/amsbsy.sty
Package: amsbsy 1999/11/29 v1.2d Bold Symbols
\pmbraise@=\dimen104
)
(/usr/local/texlive/2016/texmf-dist/tex/latex/amsmath/amsopn.sty
Package: amsopn 2016/03/08 v2.02 operator names
)
\inf@bad=\count88
LaTeX Info: Redefining \frac on input line 199.
\uproot@=\count89
\leftroot@=\count90
LaTeX Info: Redefining \overline on input line 297.
\classnum@=\count91
\DOTSCASE@=\count92
LaTeX Info: Redefining \ldots on input line 394.
LaTeX Info: Redefining \dots on input line 397.
LaTeX Info: Redefining \cdots on input line 518.
\Mathstrutbox@=\box26
\strutbox@=\box27
\big@size=\dimen105
LaTeX Font Info:    Redeclaring font encoding OML on input line 634.
LaTeX Font Info:    Redeclaring font encoding OMS on input line 635.
\macc@depth=\count93
\c@MaxMatrixCols=\count94
\dotsspace@=\muskip10
\c@parentequation=\count95
\dspbrk@lvl=\count96
\tag@help=\toks15
\row@=\count97
\column@=\count98
\maxfields@=\count99
\andhelp@=\toks16
\eqnshift@=\dimen106
\alignsep@=\dimen107
\tagshift@=\dimen108
\tagwidth@=\dimen109
\totwidth@=\dimen110
\lineht@=\dimen111
\@envbody=\toks17
\multlinegap=\skip44
\multlinetaggap=\skip45
\mathdisplay@stack=\toks18
LaTeX Info: Redefining \[ on input line 2739.
LaTeX Info: Redefining \] on input line 2740.
)
(/usr/local/texlive/2016/texmf-dist/tex/latex/amsfonts/amssymb.sty
Package: amssymb 2013/01/14 v3.01 AMS font symbols

(/usr/local/texlive/2016/texmf-dist/tex/latex/amsfonts/amsfonts.sty
Package: amsfonts 2013/01/14 v3.01 Basic AMSFonts support
\symAMSa=\mathgroup4
\symAMSb=\mathgroup5
LaTeX Font Info:    Overwriting math alphabet `\mathfrak' in version `bold'
(Font)                  U/euf/m/n --> U/euf/b/n on input line 106.
))
(/usr/local/texlive/2016/texmf-dist/tex/latex/stmaryrd/stmaryrd.sty
Package: stmaryrd 1994/03/03 St Mary's Road symbol package
\symstmry=\mathgroup6
LaTeX Font Info:    Overwriting symbol font `stmry' in version `bold'
(Font)                  U/stmry/m/n --> U/stmry/b/n on input line 89.
)
(/usr/local/texlive/2016/texmf-dist/tex/latex/wasysym/wasysym.sty
Package: wasysym 2003/10/30 v2.0 Wasy-2 symbol support package
\symwasy=\mathgroup7
LaTeX Font Info:    Overwriting symbol font `wasy' in version `bold'
(Font)                  U/wasy/m/n --> U/wasy/b/n on input line 90.
LaTeX Font Info:    Redeclaring math symbol \ocircle on input line 240.
)
(/usr/local/texlive/2016/texmf-dist/tex/latex/graphics/graphicx.sty
Package: graphicx 2014/10/28 v1.0g Enhanced LaTeX Graphics (DPC,SPQR)

(/usr/local/texlive/2016/texmf-dist/tex/latex/graphics/keyval.sty
Package: keyval 2014/10/28 v1.15 key=value parser (DPC)
\KV@toks@=\toks19
)
(/usr/local/texlive/2016/texmf-dist/tex/latex/graphics/graphics.sty
Package: graphics 2016/05/09 v1.0r Standard LaTeX Graphics (DPC,SPQR)

(/usr/local/texlive/2016/texmf-dist/tex/latex/graphics/trig.sty
Package: trig 2016/01/03 v1.10 sin cos tan (DPC)
)
(/usr/local/texlive/2016/texmf-dist/tex/latex/graphics-cfg/graphics.cfg
File: graphics.cfg 2016/01/02 v1.10 sample graphics configuration
)
Package graphics Info: Driver file: pdftex.def on input line 96.

(/usr/local/texlive/2016/texmf-dist/tex/latex/pdftex-def/pdftex.def
File: pdftex.def 2011/05/27 v0.06d Graphics/color for pdfTeX

(/usr/local/texlive/2016/texmf-dist/tex/generic/oberdiek/infwarerr.sty
Package: infwarerr 2016/05/16 v1.4 Providing info/warning/error messages (HO)
)
(/usr/local/texlive/2016/texmf-dist/tex/generic/oberdiek/ltxcmds.sty
Package: ltxcmds 2016/05/16 v1.23 LaTeX kernel commands for general use (HO)
)
\Gread@gobject=\count100
))
\Gin@req@height=\dimen112
\Gin@req@width=\dimen113
)
(/usr/local/texlive/2016/texmf-dist/tex/latex/multirow/multirow.sty
\bigstrutjot=\dimen114
)
(/usr/local/texlive/2016/texmf-dist/tex/latex/graphics/color.sty
Package: color 2016/05/09 v1.1c Standard LaTeX Color (DPC)

(/usr/local/texlive/2016/texmf-dist/tex/latex/graphics-cfg/color.cfg
File: color.cfg 2016/01/02 v1.6 sample color configuration
)
Package color Info: Driver file: pdftex.def on input line 144.
)
(/usr/local/texlive/2016/texmf-dist/tex/latex/base/textcomp.sty
Package: textcomp 2005/09/27 v1.99g Standard LaTeX package
Package textcomp Info: Sub-encoding information:
(textcomp)               5 = only ISO-Adobe without \textcurrency
(textcomp)               4 = 5 + \texteuro
(textcomp)               3 = 4 + \textohm
(textcomp)               2 = 3 + \textestimated + \textcurrency
(textcomp)               1 = TS1 - \textcircled - \t
(textcomp)               0 = TS1 (full)
(textcomp)             Font families with sub-encoding setting implement
(textcomp)             only a restricted character set as indicated.
(textcomp)             Family '?' is the default used for unknown fonts.
(textcomp)             See the documentation for details.
Package textcomp Info: Setting ? sub-encoding to TS1/1 on input line 79.

(/usr/local/texlive/2016/texmf-dist/tex/latex/base/ts1enc.def
File: ts1enc.def 2001/06/05 v3.0e (jk/car/fm) Standard LaTeX file
)
LaTeX Info: Redefining \oldstylenums on input line 334.
Package textcomp Info: Setting cmr sub-encoding to TS1/0 on input line 349.
Package textcomp Info: Setting cmss sub-encoding to TS1/0 on input line 350.
Package textcomp Info: Setting cmtt sub-encoding to TS1/0 on input line 351.
Package textcomp Info: Setting cmvtt sub-encoding to TS1/0 on input line 352.
Package textcomp Info: Setting cmbr sub-encoding to TS1/0 on input line 353.
Package textcomp Info: Setting cmtl sub-encoding to TS1/0 on input line 354.
Package textcomp Info: Setting ccr sub-encoding to TS1/0 on input line 355.
Package textcomp Info: Setting ptm sub-encoding to TS1/4 on input line 356.
Package textcomp Info: Setting pcr sub-encoding to TS1/4 on input line 357.
Package textcomp Info: Setting phv sub-encoding to TS1/4 on input line 358.
Package textcomp Info: Setting ppl sub-encoding to TS1/3 on input line 359.
Package textcomp Info: Setting pag sub-encoding to TS1/4 on input line 360.
Package textcomp Info: Setting pbk sub-encoding to TS1/4 on input line 361.
Package textcomp Info: Setting pnc sub-encoding to TS1/4 on input line 362.
Package textcomp Info: Setting pzc sub-encoding to TS1/4 on input line 363.
Package textcomp Info: Setting bch sub-encoding to TS1/4 on input line 364.
Package textcomp Info: Setting put sub-encoding to TS1/5 on input line 365.
Package textcomp Info: Setting uag sub-encoding to TS1/5 on input line 366.
Package textcomp Info: Setting ugq sub-encoding to TS1/5 on input line 367.
Package textcomp Info: Setting ul8 sub-encoding to TS1/4 on input line 368.
Package textcomp Info: Setting ul9 sub-encoding to TS1/4 on input line 369.
Package textcomp Info: Setting augie sub-encoding to TS1/5 on input line 370.
Package textcomp Info: Setting dayrom sub-encoding to TS1/3 on input line 371.
Package textcomp Info: Setting dayroms sub-encoding to TS1/3 on input line 372.

Package textcomp Info: Setting pxr sub-encoding to TS1/0 on input line 373.
Package textcomp Info: Setting pxss sub-encoding to TS1/0 on input line 374.
Package textcomp Info: Setting pxtt sub-encoding to TS1/0 on input line 375.
Package textcomp Info: Setting txr sub-encoding to TS1/0 on input line 376.
Package textcomp Info: Setting txss sub-encoding to TS1/0 on input line 377.
Package textcomp Info: Setting txtt sub-encoding to TS1/0 on input line 378.
Package textcomp Info: Setting lmr sub-encoding to TS1/0 on input line 379.
Package textcomp Info: Setting lmdh sub-encoding to TS1/0 on input line 380.
Package textcomp Info: Setting lmss sub-encoding to TS1/0 on input line 381.
Package textcomp Info: Setting lmssq sub-encoding to TS1/0 on input line 382.
Package textcomp Info: Setting lmvtt sub-encoding to TS1/0 on input line 383.
Package textcomp Info: Setting lmtt sub-encoding to TS1/0 on input line 384.
Package textcomp Info: Setting qhv sub-encoding to TS1/0 on input line 385.
Package textcomp Info: Setting qag sub-encoding to TS1/0 on input line 386.
Package textcomp Info: Setting qbk sub-encoding to TS1/0 on input line 387.
Package textcomp Info: Setting qcr sub-encoding to TS1/0 on input line 388.
Package textcomp Info: Setting qcs sub-encoding to TS1/0 on input line 389.
Package textcomp Info: Setting qpl sub-encoding to TS1/0 on input line 390.
Package textcomp Info: Setting qtm sub-encoding to TS1/0 on input line 391.
Package textcomp Info: Setting qzc sub-encoding to TS1/0 on input line 392.
Package textcomp Info: Setting qhvc sub-encoding to TS1/0 on input line 393.
Package textcomp Info: Setting futs sub-encoding to TS1/4 on input line 394.
Package textcomp Info: Setting futx sub-encoding to TS1/4 on input line 395.
Package textcomp Info: Setting futj sub-encoding to TS1/4 on input line 396.
Package textcomp Info: Setting hlh sub-encoding to TS1/3 on input line 397.
Package textcomp Info: Setting hls sub-encoding to TS1/3 on input line 398.
Package textcomp Info: Setting hlst sub-encoding to TS1/3 on input line 399.
Package textcomp Info: Setting hlct sub-encoding to TS1/5 on input line 400.
Package textcomp Info: Setting hlx sub-encoding to TS1/5 on input line 401.
Package textcomp Info: Setting hlce sub-encoding to TS1/5 on input line 402.
Package textcomp Info: Setting hlcn sub-encoding to TS1/5 on input line 403.
Package textcomp Info: Setting hlcw sub-encoding to TS1/5 on input line 404.
Package textcomp Info: Setting hlcf sub-encoding to TS1/5 on input line 405.
Package textcomp Info: Setting pplx sub-encoding to TS1/3 on input line 406.
Package textcomp Info: Setting pplj sub-encoding to TS1/3 on input line 407.
Package textcomp Info: Setting ptmx sub-encoding to TS1/4 on input line 408.
Package textcomp Info: Setting ptmj sub-encoding to TS1/4 on input line 409.
)
(/usr/local/texlive/2016/texmf-dist/tex/latex/subfigure/subfigure.sty
Package: subfigure 2002/03/15 v2.1.5 subfigure package
\subfigtopskip=\skip46
\subfigcapskip=\skip47
\subfigcaptopadj=\dimen115
\subfigbottomskip=\skip48
\subfigcapmargin=\dimen116
\subfiglabelskip=\skip49
\c@subfigure=\count101
\c@lofdepth=\count102
\c@subtable=\count103
\c@lotdepth=\count104

****************************************
* Local config file subfigure.cfg used *
****************************************
(/usr/local/texlive/2016/texmf-dist/tex/latex/subfigure/subfigure.cfg)
\subfig@top=\skip50
\subfig@bottom=\skip51
)
(/usr/local/texlive/2016/texmf-dist/tex/latex/xcolor/xcolor.sty
Package: xcolor 2016/05/11 v2.12 LaTeX color extensions (UK)

(/usr/local/texlive/2016/texmf-dist/tex/latex/graphics-cfg/color.cfg
File: color.cfg 2016/01/02 v1.6 sample color configuration
)
Package xcolor Info: Driver file: pdftex.def on input line 225.
LaTeX Info: Redefining \color on input line 709.
Package xcolor Info: Model `cmy' substituted by `cmy0' on input line 1348.
Package xcolor Info: Model `hsb' substituted by `rgb' on input line 1352.
Package xcolor Info: Model `RGB' extended on input line 1364.
Package xcolor Info: Model `HTML' substituted by `rgb' on input line 1366.
Package xcolor Info: Model `Hsb' substituted by `hsb' on input line 1367.
Package xcolor Info: Model `tHsb' substituted by `hsb' on input line 1368.
Package xcolor Info: Model `HSB' substituted by `hsb' on input line 1369.
Package xcolor Info: Model `Gray' substituted by `gray' on input line 1370.
Package xcolor Info: Model `wave' substituted by `hsb' on input line 1371.
)
(/usr/local/texlive/2016/texmf-dist/tex/latex/fancyhdr/fancyhdr.sty
\fancy@headwidth=\skip52
\f@ncyO@elh=\skip53
\f@ncyO@erh=\skip54
\f@ncyO@olh=\skip55
\f@ncyO@orh=\skip56
\f@ncyO@elf=\skip57
\f@ncyO@erf=\skip58
\f@ncyO@olf=\skip59
\f@ncyO@orf=\skip60
)
(/usr/local/texlive/2016/texmf-dist/tex/latex/setspace/setspace.sty
Package: setspace 2011/12/19 v6.7a set line spacing
)
(/usr/local/texlive/2016/texmf-dist/tex/latex/url/url.sty
\Urlmuskip=\muskip11
Package: url 2013/09/16  ver 3.4  Verb mode for urls, etc.
) (./diagrams.sty
==================================================================
<Paul Taylor's commutative diagrams - version 3.95, December 2014>
Package: diagrams 2014/12/31 v3.94 Paul Taylor's commutative diagrams
\CD@uA=\count105
\CD@vA=\count106
\CD@wA=\count107
\CD@xA=\count108
\CD@OA=\dimen117
\CD@PA=\dimen118
\CD@RA=\dimen119
\CD@SA=\dimen120
\CD@yA=\count109
\CD@zA=\count110
\CD@QA=\dimen121
\CD@DA=\box28
\CD@LH=\count111
\CD@TC=\count112
\CD@XH=\dimen122
\CD@zC=\dimen123
\CD@@I=\dimen124
\CD@LF=\dimen125
\CD@oI=\dimen126
\CD@DC=\dimen127
\CD@eJ=\dimen128
\PileSpacing=\dimen129
\CD@nA=\dimen130
\CD@YB=\dimen131
\DiagramCellHeight=\dimen132
\DiagramCellWidth=\dimen133
\MapShortFall=\dimen134
\CD@iA=\dimen135
\rh+:>=\box29
\rt+:<=\box30
\dh+:>=\box31
\dt+:<=\box32
\rt+:>=\box33
\rh+:<=\box34
\dt+:>=\box35
\dh+:<=\box36
\CD@VE=\toks20
\CD@SE=\toks21
\CD@VA=\count113
\CD@ME=\toks22
\CD@XE=\toks23
\CD@RE=\toks24
\CD@TE=\toks25
\CD@QE=\toks26
\CD@WE=\toks27
\CD@OE=\toks28
\CD@PE=\toks29
\CD@NE=\toks30
\CD@UE=\toks31
\CD@CA=\count114
\CD@XB=\count115
\CD@NB=\count116
\CD@FA=\count117
\CD@lA=\count118
\CD@MB=\count119
\CD@GB=\count120
\CD@KG=\box37
\CD@IG=\box38
\DiagonalChoice=\count121
\objectheight=\dimen136
\objectwidth=\dimen137
\CD@NA=\toks32
\CD@xI=\toks33
\CD@lH=\toks34
\CD@hD=\toks35
\CD@hH=\toks36
LaTeX Font Info:    Try loading font information for U+msa on input line 1876.

(/usr/local/texlive/2016/texmf-dist/tex/latex/amsfonts/umsa.fd
File: umsa.fd 2013/01/14 v3.01 AMS symbols A
)
LaTeX Font Info:    Try loading font information for U+msb on input line 1876.

(/usr/local/texlive/2016/texmf-dist/tex/latex/amsfonts/umsb.fd
File: umsb.fd 2013/01/14 v3.01 AMS symbols B
)
LaTeX Font Info:    Try loading font information for U+stmry on input line 1876
.

(/usr/local/texlive/2016/texmf-dist/tex/latex/stmaryrd/Ustmry.fd)
LaTeX Font Info:    Try loading font information for U+wasy on input line 1876.


(/usr/local/texlive/2016/texmf-dist/tex/latex/wasysym/uwasy.fd
File: uwasy.fd 2003/10/30 v2.0 Wasy-2 symbol font definitions
)
| running in pdf mode -- diagonal arrows will work automatically |
===================================================================)
(/usr/local/texlive/2016/texmf-dist/tex/latex/hyperref/hyperref.sty
Package: hyperref 2016/05/05 v6.83n Hypertext links for LaTeX

(/usr/local/texlive/2016/texmf-dist/tex/generic/oberdiek/hobsub-hyperref.sty
Package: hobsub-hyperref 2016/05/16 v1.14 Bundle oberdiek, subset hyperref (HO)


(/usr/local/texlive/2016/texmf-dist/tex/generic/oberdiek/hobsub-generic.sty
Package: hobsub-generic 2016/05/16 v1.14 Bundle oberdiek, subset generic (HO)
Package: hobsub 2016/05/16 v1.14 Construct package bundles (HO)
Package hobsub Info: Skipping package `infwarerr' (already loaded).
Package hobsub Info: Skipping package `ltxcmds' (already loaded).
Package: ifluatex 2016/05/16 v1.4 Provides the ifluatex switch (HO)
Package ifluatex Info: LuaTeX not detected.
Package: ifvtex 2016/05/16 v1.6 Detect VTeX and its facilities (HO)
Package ifvtex Info: VTeX not detected.
Package: intcalc 2016/05/16 v1.2 Expandable calculations with integers (HO)
Package: ifpdf 2016/05/14 v3.1 Provides the ifpdf switch
Package: etexcmds 2016/05/16 v1.6 Avoid name clashes with e-TeX commands (HO)
Package etexcmds Info: Could not find \expanded.
(etexcmds)             That can mean that you are not using pdfTeX 1.50 or
(etexcmds)             that some package has redefined \expanded.
(etexcmds)             In the latter case, load this package earlier.
Package: kvsetkeys 2016/05/16 v1.17 Key value parser (HO)
Package: kvdefinekeys 2016/05/16 v1.4 Define keys (HO)
Package: pdftexcmds 2016/05/10 v0.21 Utility functions of pdfTeX for LuaTeX (HO
)
Package pdftexcmds Info: LuaTeX not detected.
Package pdftexcmds Info: \pdf@primitive is available.
Package pdftexcmds Info: \pdf@ifprimitive is available.
Package pdftexcmds Info: \pdfdraftmode found.
Package: pdfescape 2016/05/16 v1.14 Implements pdfTeX's escape features (HO)
Package: bigintcalc 2016/05/16 v1.4 Expandable calculations on big integers (HO
)
Package: bitset 2016/05/16 v1.2 Handle bit-vector datatype (HO)
Package: uniquecounter 2016/05/16 v1.3 Provide unlimited unique counter (HO)
)
Package hobsub Info: Skipping package `hobsub' (already loaded).
Package: letltxmacro 2016/05/16 v1.5 Let assignment for LaTeX macros (HO)
Package: hopatch 2016/05/16 v1.3 Wrapper for package hooks (HO)
Package: xcolor-patch 2016/05/16 xcolor patch
Package: atveryend 2016/05/16 v1.9 Hooks at the very end of document (HO)
Package atveryend Info: \enddocument detected (standard20110627).
Package: atbegshi 2016/05/16 v1.17 At begin shipout hook (HO)
Package: refcount 2016/05/16 v3.5 Data extraction from label references (HO)
Package: hycolor 2016/05/16 v1.8 Color options for hyperref/bookmark (HO)
)
(/usr/local/texlive/2016/texmf-dist/tex/generic/ifxetex/ifxetex.sty
Package: ifxetex 2010/09/12 v0.6 Provides ifxetex conditional
)
(/usr/local/texlive/2016/texmf-dist/tex/latex/oberdiek/auxhook.sty
Package: auxhook 2016/05/16 v1.4 Hooks for auxiliary files (HO)
)
(/usr/local/texlive/2016/texmf-dist/tex/latex/oberdiek/kvoptions.sty
Package: kvoptions 2016/05/16 v3.12 Key value format for package options (HO)
)
\@linkdim=\dimen138
\Hy@linkcounter=\count122
\Hy@pagecounter=\count123

(/usr/local/texlive/2016/texmf-dist/tex/latex/hyperref/pd1enc.def
File: pd1enc.def 2016/05/05 v6.83n Hyperref: PDFDocEncoding definition (HO)
)
\Hy@SavedSpaceFactor=\count124

(/usr/local/texlive/2016/texmf-dist/tex/latex/latexconfig/hyperref.cfg
File: hyperref.cfg 2002/06/06 v1.2 hyperref configuration of TeXLive
)
Package hyperref Info: Option `colorlinks' set `true' on input line 4322.
Package hyperref Info: Hyper figures OFF on input line 4446.
Package hyperref Info: Link nesting OFF on input line 4451.
Package hyperref Info: Hyper index ON on input line 4454.
Package hyperref Info: Plain pages OFF on input line 4461.
Package hyperref Info: Backreferencing OFF on input line 4466.
Package hyperref Info: Implicit mode ON; LaTeX internals redefined.
Package hyperref Info: Bookmarks ON on input line 4691.
\c@Hy@tempcnt=\count125
LaTeX Info: Redefining \url on input line 5044.
\XeTeXLinkMargin=\dimen139
\Fld@menulength=\count126
\Field@Width=\dimen140
\Fld@charsize=\dimen141
Package hyperref Info: Hyper figures OFF on input line 6298.
Package hyperref Info: Link nesting OFF on input line 6303.
Package hyperref Info: Hyper index ON on input line 6306.
Package hyperref Info: backreferencing OFF on input line 6313.
Package hyperref Info: Link coloring ON on input line 6316.
Package hyperref Info: Link coloring with OCG OFF on input line 6323.
Package hyperref Info: PDF/A mode OFF on input line 6328.
LaTeX Info: Redefining \ref on input line 6368.
LaTeX Info: Redefining \pageref on input line 6372.
\Hy@abspage=\count127
\c@Item=\count128
\c@Hfootnote=\count129
)

Package hyperref Message: Driver (autodetected): hpdftex.

(/usr/local/texlive/2016/texmf-dist/tex/latex/hyperref/hpdftex.def
File: hpdftex.def 2016/05/05 v6.83n Hyperref driver for pdfTeX
\Fld@listcount=\count130
\c@bookmark@seq@number=\count131

(/usr/local/texlive/2016/texmf-dist/tex/latex/oberdiek/rerunfilecheck.sty
Package: rerunfilecheck 2016/05/16 v1.8 Rerun checks for auxiliary files (HO)
Package uniquecounter Info: New unique counter `rerunfilecheck' on input line 2
82.
)
\Hy@SectionHShift=\skip61
)
(/usr/local/texlive/2016/texmf-dist/tex/generic/ulem/ulem.sty
\UL@box=\box39
\UL@hyphenbox=\box40
\UL@skip=\skip62
\UL@hook=\toks37
\UL@height=\dimen142
\UL@pe=\count132
\UL@pixel=\dimen143
\ULC@box=\box41
Package: ulem 2012/05/18
\ULdepth=\dimen144
)
(/usr/local/texlive/2016/texmf-dist/tex/latex/geometry/geometry.sty
Package: geometry 2010/09/12 v5.6 Page Geometry
\Gm@cnth=\count133
\Gm@cntv=\count134
\c@Gm@tempcnt=\count135
\Gm@bindingoffset=\dimen145
\Gm@wd@mp=\dimen146
\Gm@odd@mp=\dimen147
\Gm@even@mp=\dimen148
\Gm@layoutwidth=\dimen149
\Gm@layoutheight=\dimen150
\Gm@layouthoffset=\dimen151
\Gm@layoutvoffset=\dimen152
\Gm@dimlist=\toks38
)
(/usr/local/texlive/2016/texmf-dist/tex/latex/romannum/romannum.sty
Package: romannum 2009/09/03 v1.0b roman numerals

(/usr/local/texlive/2016/texmf-dist/tex/latex/stdclsdv/stdclsdv.sty
Package: stdclsdv 2009/09/04 v1.1a Sectional divisions
))
(/usr/local/texlive/2016/texmf-dist/tex/latex/tools/array.sty
Package: array 2014/10/28 v2.4c Tabular extension package (FMi)
\col@sep=\dimen153
\extrarowheight=\dimen154
\NC@list=\toks39
\extratabsurround=\skip63
\backup@length=\skip64
)
(./ThesisSyedRaza.aux (./title.aux) (./acknowledgements.aux) (./abstract.aux)
(./chap_Introduction.aux) (./chap_Summary.aux) (./chap_Model1.aux)
(./chap_Model2.aux) (./chap_Model3.aux) (./chap_Conclusion.aux)
(./chap_Future.aux) (./Appendix.aux))
\openout1 = `ThesisSyedRaza.aux'.

LaTeX Font Info:    Checking defaults for OML/cmm/m/it on input line 90.
LaTeX Font Info:    ... okay on input line 90.
LaTeX Font Info:    Checking defaults for T1/cmr/m/n on input line 90.
LaTeX Font Info:    ... okay on input line 90.
LaTeX Font Info:    Checking defaults for OT1/cmr/m/n on input line 90.
LaTeX Font Info:    ... okay on input line 90.
LaTeX Font Info:    Checking defaults for OMS/cmsy/m/n on input line 90.
LaTeX Font Info:    ... okay on input line 90.
LaTeX Font Info:    Checking defaults for OMX/cmex/m/n on input line 90.
LaTeX Font Info:    ... okay on input line 90.
LaTeX Font Info:    Checking defaults for U/cmr/m/n on input line 90.
LaTeX Font Info:    ... okay on input line 90.
LaTeX Font Info:    Checking defaults for TS1/cmr/m/n on input line 90.
LaTeX Font Info:    Try loading font information for TS1+cmr on input line 90.

(/usr/local/texlive/2016/texmf-dist/tex/latex/base/ts1cmr.fd
File: ts1cmr.fd 2014/09/29 v2.5h Standard LaTeX font definitions
)
LaTeX Font Info:    ... okay on input line 90.
LaTeX Font Info:    Checking defaults for PD1/pdf/m/n on input line 90.
LaTeX Font Info:    ... okay on input line 90.

(/usr/local/texlive/2016/texmf-dist/tex/context/base/mkii/supp-pdf.mkii
[Loading MPS to PDF converter (version 2006.09.02).]
\scratchcounter=\count136
\scratchdimen=\dimen155
\scratchbox=\box42
\nofMPsegments=\count137
\nofMParguments=\count138
\everyMPshowfont=\toks40
\MPscratchCnt=\count139
\MPscratchDim=\dimen156
\MPnumerator=\count140
\makeMPintoPDFobject=\count141
\everyMPtoPDFconversion=\toks41
) (/usr/local/texlive/2016/texmf-dist/tex/latex/oberdiek/epstopdf-base.sty
Package: epstopdf-base 2016/05/15 v2.6 Base part for package epstopdf

(/usr/local/texlive/2016/texmf-dist/tex/latex/oberdiek/grfext.sty
Package: grfext 2016/05/16 v1.2 Manage graphics extensions (HO)
)
Package grfext Info: Graphics extension search list:
(grfext)             [.png,.pdf,.jpg,.mps,.jpeg,.jbig2,.jb2,.PNG,.PDF,.JPG,.JPE
G,.JBIG2,.JB2,.eps]
(grfext)             \AppendGraphicsExtensions on input line 456.

(/usr/local/texlive/2016/texmf-dist/tex/latex/latexconfig/epstopdf-sys.cfg
File: epstopdf-sys.cfg 2010/07/13 v1.3 Configuration of (r)epstopdf for TeX Liv
e
))
\AtBeginShipoutBox=\box43
Package hyperref Info: Link coloring ON on input line 90.

(/usr/local/texlive/2016/texmf-dist/tex/latex/hyperref/nameref.sty
Package: nameref 2012/10/27 v2.43 Cross-referencing by name of section

(/usr/local/texlive/2016/texmf-dist/tex/generic/oberdiek/gettitlestring.sty
Package: gettitlestring 2016/05/16 v1.5 Cleanup title references (HO)
)
\c@section@level=\count142
)
LaTeX Info: Redefining \ref on input line 90.
LaTeX Info: Redefining \pageref on input line 90.
LaTeX Info: Redefining \nameref on input line 90.

(./ThesisSyedRaza.out) (./ThesisSyedRaza.out)
\@outlinefile=\write3
\openout3 = `ThesisSyedRaza.out'.


*geometry* driver: auto-detecting
*geometry* detected driver: pdftex
*geometry* verbose mode - [ preamble ] result:
* driver: pdftex
* paper: letterpaper
* layout: <same size as paper>
* layoutoffset:(h,v)=(0.0pt,0.0pt)
* modes: 
* h-part:(L,W,R)=(108.405pt, 433.62001pt, 72.26999pt)
* v-part:(T,H,B)=(72.26999pt, 650.43001pt, 72.26999pt)
* \paperwidth=614.295pt
* \paperheight=794.96999pt
* \textwidth=433.62001pt
* \textheight=650.43001pt
* \oddsidemargin=36.13501pt
* \evensidemargin=36.13501pt
* \topmargin=-37.0pt
* \headheight=12.0pt
* \headsep=25.0pt
* \topskip=12.0pt
* \footskip=30.0pt
* \marginparwidth=44.0pt
* \marginparsep=10.0pt
* \columnsep=10.0pt
* \skip\footins=10.8pt plus 4.0pt minus 2.0pt
* \hoffset=0.0pt
* \voffset=0.0pt
* \mag=1000
* \@twocolumnfalse
* \@twosidefalse
* \@mparswitchfalse
* \@reversemarginfalse
* (1in=72.27pt=25.4mm, 1cm=28.453pt)

\openout2 = `title.aux'.

(./title.tex [1


{/usr/local/texlive/2016/texmf-var/fonts/map/pdftex/updmap/pdftex.map}])
\openout2 = `acknowledgements.aux'.

 (./acknowledgements.tex

Package Fancyhdr Warning: \headheight is too small (12.0pt): 
 Make it at least 14.49998pt.
 We now make it that large for the rest of the document.
 This may cause the page layout to be inconsistent, however.

[1


]) [2]
\openout2 = `abstract.aux'.

 (./abstract.tex) [3


] (./ThesisSyedRaza.toc [4


])
\tf@toc=\write4
\openout4 = `ThesisSyedRaza.toc'.

 [5]
(./ThesisSyedRaza.lof [6

])
\tf@lof=\write5
\openout5 = `ThesisSyedRaza.lof'.

 [1]
\openout2 = `chap_Introduction.aux'.

 (./chap_Introduction.tex
Chapter 1.
[2


] [3] [4] [5] [6] [7]
Overfull \hbox (1.02548pt too wide) in paragraph at lines 61--62
\OT1/cmr/m/n/12 Previously we have dis-cussed point-like frac-tional ex-ci-ta-t
ions in two-dimensions, which
 []

[8] [9]) [10]
\openout2 = `chap_Summary.aux'.

 (./chap_Summary.tex
Chapter 2.
Missing character: There is no â in font cmr12!
Missing character: There is no € in font cmr12!
Missing character: There is no ‰ in font cmr12!
[11



] [12]
</Users/syedraza/Dropbox/ThesisSyedRaza/Figures/Flowchart.pdf, id=368, 375.4025
pt x 564.1075pt>
File: /Users/syedraza/Dropbox/ThesisSyedRaza/Figures/Flowchart.pdf Graphic file
 (type pdf)

<use /Users/syedraza/Dropbox/ThesisSyedRaza/Figures/Flowchart.pdf>
Package pdftex.def Info: /Users/syedraza/Dropbox/ThesisSyedRaza/Figures/Flowcha
rt.pdf used on input line 19.
(pdftex.def)             Requested size: 346.89732pt x 521.30923pt.
 [13]
[14 </Users/syedraza/Dropbox/ThesisSyedRaza/Figures/Flowchart.pdf>]
Overfull \hbox (7.19624pt too wide) in paragraph at lines 30--31
\OT1/cmr/m/n/12 (semi)metal re-al-iz-able on a three di-men-sional lat-tice has
 a min-i-mum of four momentum-
 []

[15] [16] [17]) [18]
\openout2 = `chap_Model1.aux'.

 (./chap_Model1.tex
Chapter 3.

Overfull \hbox (2.41806pt too wide) in paragraph at lines 4--5
\OT1/cmr/m/n/12 men-sions. Their low-energy emer-gent quasi-par-ti-cle ex-ci-ta
-tions are elec-tronic Dirac [[]]
 []

[19



] [20]
Missing character: There is no â in font cmr8!
Missing character: There is no ˆ in font cmr8!
Missing character: There is no ’ in font cmr8!
 [21]
</Users/syedraza/Dropbox/ThesisSyedRaza/Figures/intro.pdf, id=716, 738.64256pt 
x 416.79211pt>
File: /Users/syedraza/Dropbox/ThesisSyedRaza/Figures/intro.pdf Graphic file (ty
pe pdf)
 <use /Users/syedraza/Dropbox/ThesisSyedRaza/Figures/intro.pdf>
Package pdftex.def Info: /Users/syedraza/Dropbox/ThesisSyedRaza/Figures/intro.p
df used on input line 24.
(pdftex.def)             Requested size: 390.25536pt x 220.2119pt.

[22 </Users/syedraza/Dropbox/ThesisSyedRaza/Figures/intro.pdf>]
Overfull \hbox (17.72809pt too wide) in paragraph at lines 34--35
[]\OT1/cmr/m/n/12 In this ar-ti-cle, we fo-cus on (i) a cou-pled wire re-al-iza
-tion of a Dirac/Weyl (semi)metallic
 []

[23]
</Users/syedraza/Dropbox/ThesisSyedRaza/Figures/Diracbands.pdf, id=855, 297.668
09pt x 197.73875pt>
File: /Users/syedraza/Dropbox/ThesisSyedRaza/Figures/Diracbands.pdf Graphic fil
e (type pdf)

<use /Users/syedraza/Dropbox/ThesisSyedRaza/Figures/Diracbands.pdf>
Package pdftex.def Info: /Users/syedraza/Dropbox/ThesisSyedRaza/Figures/Diracba
nds.pdf used on input line 40.
(pdftex.def)             Requested size: 216.81pt x 144.02826pt.
 [24 </Users/syedraza/Dropbox/ThesisSyedRaza/Figures/Diracbands.pdf>] [25]
</Users/syedraza/Dropbox/ThesisSyedRaza/Figures/Diracstring.pdf, id=908, 682.52
893pt x 299.83919pt>
File: /Users/syedraza/Dropbox/ThesisSyedRaza/Figures/Diracstring.pdf Graphic fi
le (type pdf)

<use /Users/syedraza/Dropbox/ThesisSyedRaza/Figures/Diracstring.pdf>
Package pdftex.def Info: /Users/syedraza/Dropbox/ThesisSyedRaza/Figures/Diracst
ring.pdf used on input line 49.
(pdftex.def)             Requested size: 346.89732pt x 152.39896pt.
 [26 </Users/syedraza/Dropbox/ThesisSyedRaza/Figures/Diracstring.pdf>] [27]
</Users/syedraza/Dropbox/ThesisSyedRaza/Figures/vortexlattice.jpg, id=974, 700.
6175pt x 357.335pt>
File: /Users/syedraza/Dropbox/ThesisSyedRaza/Figures/vortexlattice.jpg Graphic 
file (type jpg)

<use /Users/syedraza/Dropbox/ThesisSyedRaza/Figures/vortexlattice.jpg>
Package pdftex.def Info: /Users/syedraza/Dropbox/ThesisSyedRaza/Figures/vortexl
attice.jpg used on input line 60.
(pdftex.def)             Requested size: 390.25536pt x 199.043pt.


LaTeX Font Warning: Font shape `U/stmry/b/n' undefined
(Font)              using `U/stmry/m/n' instead on input line 61.


LaTeX Font Warning: Font shape `U/wasy/b/n' in size <8> not available
(Font)              Font shape `U/wasy/m/n' tried instead on input line 61.


LaTeX Font Warning: Font shape `U/wasy/b/n' in size <6> not available
(Font)              Font shape `U/wasy/m/n' tried instead on input line 61.


</Users/syedraza/Dropbox/ThesisSyedRaza/Figures/WeylTB.pdf, id=975, 410.53375pt
 x 412.54124pt>
File: /Users/syedraza/Dropbox/ThesisSyedRaza/Figures/WeylTB.pdf Graphic file (t
ype pdf)

<use /Users/syedraza/Dropbox/ThesisSyedRaza/Figures/WeylTB.pdf>
Package pdftex.def Info: /Users/syedraza/Dropbox/ThesisSyedRaza/Figures/WeylTB.
pdf used on input line 62.
(pdftex.def)             Requested size: 216.81pt x 217.86525pt.
 [28] [29 </Users/syedraza/Dropbox/ThesisSyedRaza/Figures/vortexlattice.jpg> </
Users/syedraza/Dropbox/ThesisSyedRaza/Figures/WeylTB.pdf>] [30] [31]
</Users/syedraza/Dropbox/ThesisSyedRaza/Figures/Weylspectrumjpg.jpg, id=1071, 1
141.4645pt x 583.3795pt>
File: /Users/syedraza/Dropbox/ThesisSyedRaza/Figures/Weylspectrumjpg.jpg Graphi
c file (type jpg)

<use /Users/syedraza/Dropbox/ThesisSyedRaza/Figures/Weylspectrumjpg.jpg>
Package pdftex.def Info: /Users/syedraza/Dropbox/ThesisSyedRaza/Figures/Weylspe
ctrumjpg.jpg used on input line 74.
(pdftex.def)             Requested size: 390.25536pt x 199.45021pt.

Overfull \hbox (34.28223pt too wide) in paragraph at lines 78--79
[]\OT1/cmr/m/n/12 The en-ergy spec-trum of the two-band model is given by $\OML
/cmm/m/it/12 E[]\OT1/cmr/m/n/12 (\OT1/cmr/bx/n/12 k\OT1/cmr/m/n/12 ) = \OMS/cms
y/m/n/12 ^^F[]$
 []

[32] [33 </Users/syedraza/Dropbox/ThesisSyedRaza/Figures/Weylspectrumjpg.jpg>]
[34] [35] [36] [37]
</Users/syedraza/Dropbox/ThesisSyedRaza/Figures/Chernstack.pdf, id=1161, 918.03
58pt x 425.02588pt>
File: /Users/syedraza/Dropbox/ThesisSyedRaza/Figures/Chernstack.pdf Graphic fil
e (type pdf)

<use /Users/syedraza/Dropbox/ThesisSyedRaza/Figures/Chernstack.pdf>
Package pdftex.def Info: /Users/syedraza/Dropbox/ThesisSyedRaza/Figures/Chernst
ack.pdf used on input line 98.
(pdftex.def)             Requested size: 390.25536pt x 180.67575pt.
 [38 </Users/syedraza/Dropbox/ThesisSyedRaza/Figures/Chernstack.pdf>]
</Users/syedraza/Dropbox/ThesisSyedRaza/Figures/DiracTB.pdf, id=1204, 975.59685
pt x 505.36102pt>
File: /Users/syedraza/Dropbox/ThesisSyedRaza/Figures/DiracTB.pdf Graphic file (
type pdf)

<use /Users/syedraza/Dropbox/ThesisSyedRaza/Figures/DiracTB.pdf>
Package pdftex.def Info: /Users/syedraza/Dropbox/ThesisSyedRaza/Figures/DiracTB
.pdf used on input line 105.
(pdftex.def)             Requested size: 390.25536pt x 202.14853pt.

</Users/syedraza/Dropbox/ThesisSyedRaza/Figures/Diracmassjpg.jpg, id=1205, 1411
.2725pt x 684.5575pt>
File: /Users/syedraza/Dropbox/ThesisSyedRaza/Figures/Diracmassjpg.jpg Graphic f
ile (type jpg)

<use /Users/syedraza/Dropbox/ThesisSyedRaza/Figures/Diracmassjpg.jpg>
Package pdftex.def Info: /Users/syedraza/Dropbox/ThesisSyedRaza/Figures/Diracma
ssjpg.jpg used on input line 107.
(pdftex.def)             Requested size: 416.2781pt x 201.92181pt.
 [39]
[40 </Users/syedraza/Dropbox/ThesisSyedRaza/Figures/DiracTB.pdf> </Users/syedra
za/Dropbox/ThesisSyedRaza/Figures/Diracmassjpg.jpg>] [41]
</Users/syedraza/Dropbox/ThesisSyedRaza/Figures/dimerization.pdf, id=1397, 902.
44753pt x 385.55241pt>
File: /Users/syedraza/Dropbox/ThesisSyedRaza/Figures/dimerization.pdf Graphic f
ile (type pdf)

<use /Users/syedraza/Dropbox/ThesisSyedRaza/Figures/dimerization.pdf>
Package pdftex.def Info: /Users/syedraza/Dropbox/ThesisSyedRaza/Figures/dimeriz
ation.pdf used on input line 116.
(pdftex.def)             Requested size: 346.89732pt x 148.20575pt.
 [42 </Users/syedraza/Dropbox/ThesisSyedRaza/Figures/dimerization.pdf>] [43]
</Users/syedraza/Dropbox/ThesisSyedRaza/Figures/fermiarc1.pdf, id=1476, 897.799
18pt x 432.72766pt>
File: /Users/syedraza/Dropbox/ThesisSyedRaza/Figures/fermiarc1.pdf Graphic file
 (type pdf)

<use /Users/syedraza/Dropbox/ThesisSyedRaza/Figures/fermiarc1.pdf>
Package pdftex.def Info: /Users/syedraza/Dropbox/ThesisSyedRaza/Figures/fermiar
c1.pdf used on input line 134.
(pdftex.def)             Requested size: 346.89732pt x 167.19821pt.
 [44 </Users/syedraza/Dropbox/ThesisSyedRaza/Figures/fermiarc1.pdf>] [45]
</Users/syedraza/Dropbox/ThesisSyedRaza/Figures/fermiarc2.pdf, id=2029, 787.943
76pt x 325.215pt>
File: /Users/syedraza/Dropbox/ThesisSyedRaza/Figures/fermiarc2.pdf Graphic file
 (type pdf)

<use /Users/syedraza/Dropbox/ThesisSyedRaza/Figures/fermiarc2.pdf>
Package pdftex.def Info: /Users/syedraza/Dropbox/ThesisSyedRaza/Figures/fermiar
c2.pdf used on input line 144.
(pdftex.def)             Requested size: 346.89732pt x 143.17444pt.
 [46]
[47 </Users/syedraza/Dropbox/ThesisSyedRaza/Figures/fermiarc2.pdf>]
</Users/syedraza/Dropbox/ThesisSyedRaza/Figures/SurfaceStates1bdy.pdf, id=2574,
 459.6583pt x 464.0276pt>
File: /Users/syedraza/Dropbox/ThesisSyedRaza/Figures/SurfaceStates1bdy.pdf Grap
hic file (type pdf)

<use /Users/syedraza/Dropbox/ThesisSyedRaza/Figures/SurfaceStates1bdy.pdf>
Package pdftex.def Info: /Users/syedraza/Dropbox/ThesisSyedRaza/Figures/Surface
States1bdy.pdf used on input line 155.
(pdftex.def)             Requested size: 260.17465pt x 262.6434pt.

[48 </Users/syedraza/Dropbox/ThesisSyedRaza/Figures/SurfaceStates1bdy.pdf>]
[49] [50] [51] [52] [53] [54]
</Users/syedraza/Dropbox/ThesisSyedRaza/Figures/ribbon1.pdf, id=4129, 135.50626
pt x 272.01625pt>
File: /Users/syedraza/Dropbox/ThesisSyedRaza/Figures/ribbon1.pdf Graphic file (
type pdf)

<use /Users/syedraza/Dropbox/ThesisSyedRaza/Figures/ribbon1.pdf>
Package pdftex.def Info: /Users/syedraza/Dropbox/ThesisSyedRaza/Figures/ribbon1
.pdf used on input line 176.
(pdftex.def)             Requested size: 36.135pt x 72.53638pt.

</Users/syedraza/Dropbox/ThesisSyedRaza/Figures/ribbon2.pdf, id=4130, 134.5025p
t x 275.0275pt>
File: /Users/syedraza/Dropbox/ThesisSyedRaza/Figures/ribbon2.pdf Graphic file (
type pdf)

<use /Users/syedraza/Dropbox/ThesisSyedRaza/Figures/ribbon2.pdf>
Package pdftex.def Info: /Users/syedraza/Dropbox/ThesisSyedRaza/Figures/ribbon2
.pdf used on input line 176.
(pdftex.def)             Requested size: 36.135pt x 73.88911pt.
File: /Users/syedraza/Dropbox/ThesisSyedRaza/Figures/ribbon1.pdf Graphic file (
type pdf)

<use /Users/syedraza/Dropbox/ThesisSyedRaza/Figures/ribbon1.pdf>
Package pdftex.def Info: /Users/syedraza/Dropbox/ThesisSyedRaza/Figures/ribbon1
.pdf used on input line 176.
(pdftex.def)             Requested size: 36.135pt x 72.53638pt.
File: /Users/syedraza/Dropbox/ThesisSyedRaza/Figures/ribbon2.pdf Graphic file (
type pdf)

<use /Users/syedraza/Dropbox/ThesisSyedRaza/Figures/ribbon2.pdf>
Package pdftex.def Info: /Users/syedraza/Dropbox/ThesisSyedRaza/Figures/ribbon2
.pdf used on input line 176.
(pdftex.def)             Requested size: 36.135pt x 73.88911pt.

Overfull \hbox (1.28223pt too wide) in paragraph at lines 178--179
[]\OT1/cmr/m/n/12 The elec-tronic quasi-par-ti-cle is the com-po-si-tion $\OML/
cmm/m/it/12  [] \OT1/cmr/m/n/12 = \OML/cmm/m/it/12 e[]^^M[]$ \OT1/cmr/m/n/12 so
 that it is fermionic
 []


</Users/syedraza/Dropbox/ThesisSyedRaza/Figures/glueingsplitting.pdf, id=4132, 
666.82425pt x 220.04408pt>
File: /Users/syedraza/Dropbox/ThesisSyedRaza/Figures/glueingsplitting.pdf Graph
ic file (type pdf)

<use /Users/syedraza/Dropbox/ThesisSyedRaza/Figures/glueingsplitting.pdf>
Package pdftex.def Info: /Users/syedraza/Dropbox/ThesisSyedRaza/Figures/glueing
splitting.pdf used on input line 183.
(pdftex.def)             Requested size: 260.17465pt x 85.85378pt.

[55 </Users/syedraza/Dropbox/ThesisSyedRaza/Figures/ribbon1.pdf> </Users/syedra
za/Dropbox/ThesisSyedRaza/Figures/ribbon2.pdf>] [56 </Users/syedraza/Dropbox/Th
esisSyedRaza/Figures/glueingsplitting.pdf>] [57]
</Users/syedraza/Dropbox/ThesisSyedRaza/Figures/fractionalization.pdf, id=4224,
 1091.9696pt x 409.6414pt>
File: /Users/syedraza/Dropbox/ThesisSyedRaza/Figures/fractionalization.pdf Grap
hic file (type pdf)

<use /Users/syedraza/Dropbox/ThesisSyedRaza/Figures/fractionalization.pdf>
Package pdftex.def Info: /Users/syedraza/Dropbox/ThesisSyedRaza/Figures/fractio
nalization.pdf used on input line 194.
(pdftex.def)             Requested size: 433.62001pt x 162.67229pt.

[58 </Users/syedraza/Dropbox/ThesisSyedRaza/Figures/fractionalization.pdf>]
[59] [60] [61]
</Users/syedraza/Dropbox/ThesisSyedRaza/Figures/gappinginteraction1.pdf, id=433
9, 399.15825pt x 431.94676pt>
File: /Users/syedraza/Dropbox/ThesisSyedRaza/Figures/gappinginteraction1.pdf Gr
aphic file (type pdf)

<use /Users/syedraza/Dropbox/ThesisSyedRaza/Figures/gappinginteraction1.pdf>
Package pdftex.def Info: /Users/syedraza/Dropbox/ThesisSyedRaza/Figures/gapping
interaction1.pdf used on input line 219.
(pdftex.def)             Requested size: 216.81pt x 234.6187pt.

</Users/syedraza/Dropbox/ThesisSyedRaza/Figures/gappinginteraction2.pdf, id=434
0, 664.59393pt x 538.48174pt>
File: /Users/syedraza/Dropbox/ThesisSyedRaza/Figures/gappinginteraction2.pdf Gr
aphic file (type pdf)

<use /Users/syedraza/Dropbox/ThesisSyedRaza/Figures/gappinginteraction2.pdf>
Package pdftex.def Info: /Users/syedraza/Dropbox/ThesisSyedRaza/Figures/gapping
interaction2.pdf used on input line 220.
(pdftex.def)             Requested size: 390.25536pt x 316.21426pt.

[62] [63 </Users/syedraza/Dropbox/ThesisSyedRaza/Figures/gappinginteraction1.pd
f> </Users/syedraza/Dropbox/ThesisSyedRaza/Figures/gappinginteraction2.pdf

pdfTeX warning: /Library/TeX/texbin/pdflatex (file /Users/syedraza/Dropbox/Thes
isSyedRaza/Figures/gappinginteraction2.pdf): PDF inclusion: multiple pdfs with 
page group included in a single page
>] [64] [65] [66] [67] [68]
Overfull \hbox (0.89076pt too wide) in paragraph at lines 249--249
\OT1/cmr/m/n/12 Majorana fermions can be con-structed by mul-ti-ply-ing these c
om-po-nents with ``Jordan-
 []

[69] [70] [71] [72] [73]
</Users/syedraza/Dropbox/ThesisSyedRaza/Figures/afm.pdf, id=5043, 948.54472pt x
 823.63312pt>
File: /Users/syedraza/Dropbox/ThesisSyedRaza/Figures/afm.pdf Graphic file (type
 pdf)
 <use /Users/syedraza/Dropbox/ThesisSyedRaza/Figures/afm.pdf>
Package pdftex.def Info: /Users/syedraza/Dropbox/ThesisSyedRaza/Figures/afm.pdf
 used on input line 271.
(pdftex.def)             Requested size: 390.25536pt x 338.86055pt.

[74] [75 </Users/syedraza/Dropbox/ThesisSyedRaza/Figures/afm.pdf>] [76])
[77]
\openout2 = `chap_Model2.aux'.

 (./chap_Model2.tex
Chapter 4.

Overfull \hbox (11.13531pt too wide) in paragraph at lines 3--4
[]$\OT1/cmr/m/n/12 [[], []] and $[]$[[], []] are ob-served to be the type-2 Wey
l semimetals[[]].
 []


Overfull \hbox (2.42685pt too wide) in paragraph at lines 3--4
\OT1/cmr/m/n/12 anoma-lous be-hav-ior in Weyl semimet-als in-clude: non-lo-cal 
quasi-par-ti-cle transport[[]],
 []

[78



] [79] [80] [81] [82] [83]
</Users/syedraza/Dropbox/ThesisSyedRaza/Figures/MajoranaCone.jpg, id=5696, 674.
52pt x 337.26pt>
File: /Users/syedraza/Dropbox/ThesisSyedRaza/Figures/MajoranaCone.jpg Graphic f
ile (type jpg)

<use /Users/syedraza/Dropbox/ThesisSyedRaza/Figures/MajoranaCone.jpg>
Package pdftex.def Info: /Users/syedraza/Dropbox/ThesisSyedRaza/Figures/Majoran
aCone.jpg used on input line 47.
(pdftex.def)             Requested size: 390.25536pt x 195.13234pt.
 [84]
[85 </Users/syedraza/Dropbox/ThesisSyedRaza/Figures/MajoranaCone.jpg>] [86]
</Users/syedraza/Dropbox/ThesisSyedRaza/Figures/chiralDiracvortices.pdf, id=572
0, 524.6069pt x 525.49222pt>
File: /Users/syedraza/Dropbox/ThesisSyedRaza/Figures/chiralDiracvortices.pdf Gr
aphic file (type pdf)

<use /Users/syedraza/Dropbox/ThesisSyedRaza/Figures/chiralDiracvortices.pdf>
Package pdftex.def Info: /Users/syedraza/Dropbox/ThesisSyedRaza/Figures/chiralD
iracvortices.pdf used on input line 63.
(pdftex.def)             Requested size: 260.17465pt x 260.61258pt.

[87] [88 </Users/syedraza/Dropbox/ThesisSyedRaza/Figures/chiralDiracvortices.pd
f>] [89]
</Users/syedraza/Dropbox/ThesisSyedRaza/Figures/BdGspectrum.jpg, id=5783, 766.3
6313pt x 351.81438pt>
File: /Users/syedraza/Dropbox/ThesisSyedRaza/Figures/BdGspectrum.jpg Graphic fi
le (type jpg)

<use /Users/syedraza/Dropbox/ThesisSyedRaza/Figures/BdGspectrum.jpg>
Package pdftex.def Info: /Users/syedraza/Dropbox/ThesisSyedRaza/Figures/BdGspec
trum.jpg used on input line 94.
(pdftex.def)             Requested size: 416.2781pt x 191.10426pt.
 [90]
[91 </Users/syedraza/Dropbox/ThesisSyedRaza/Figures/BdGspectrum.jpg>] [92]
[93] [94]
</Users/syedraza/Dropbox/ThesisSyedRaza/Figures/Hcontsplit.pdf, id=5831, 499.19
801pt x 659.79898pt>
File: /Users/syedraza/Dropbox/ThesisSyedRaza/Figures/Hcontsplit.pdf Graphic fil
e (type pdf)

<use /Users/syedraza/Dropbox/ThesisSyedRaza/Figures/Hcontsplit.pdf>
Package pdftex.def Info: /Users/syedraza/Dropbox/ThesisSyedRaza/Figures/Hcontsp
lit.pdf used on input line 130.
(pdftex.def)             Requested size: 130.08733pt x 171.93633pt.
 [95 </Users/syedraza/Dropbox/ThesisSyedRaza/Figures/Hcontsplit.pdf>] [96]
</Users/syedraza/Dropbox/ThesisSyedRaza/Figures/Z2bands.jpg, id=6085, 750.30313
pt x 462.72874pt>
File: /Users/syedraza/Dropbox/ThesisSyedRaza/Figures/Z2bands.jpg Graphic file (
type jpg)

<use /Users/syedraza/Dropbox/ThesisSyedRaza/Figures/Z2bands.jpg>
Package pdftex.def Info: /Users/syedraza/Dropbox/ThesisSyedRaza/Figures/Z2bands
.jpg used on input line 142.
(pdftex.def)             Requested size: 390.25536pt x 240.68387pt.

</Users/syedraza/Dropbox/ThesisSyedRaza/Figures/Z2spectrum.jpg, id=6088, 1050.9
2625pt x 426.09187pt>
File: /Users/syedraza/Dropbox/ThesisSyedRaza/Figures/Z2spectrum.jpg Graphic fil
e (type jpg)

<use /Users/syedraza/Dropbox/ThesisSyedRaza/Figures/Z2spectrum.jpg>
Package pdftex.def Info: /Users/syedraza/Dropbox/ThesisSyedRaza/Figures/Z2spect
rum.jpg used on input line 144.
(pdftex.def)             Requested size: 416.2781pt x 168.7758pt.
 [97]
[98 </Users/syedraza/Dropbox/ThesisSyedRaza/Figures/Z2bands.jpg> </Users/syedra
za/Dropbox/ThesisSyedRaza/Figures/Z2spectrum.jpg>]
</Users/syedraza/Dropbox/ThesisSyedRaza/Figures/gappingpotential.pdf, id=6108, 
650.76425pt x 948.54375pt>
File: /Users/syedraza/Dropbox/ThesisSyedRaza/Figures/gappingpotential.pdf Graph
ic file (type pdf)

<use /Users/syedraza/Dropbox/ThesisSyedRaza/Figures/gappingpotential.pdf>
Package pdftex.def Info: /Users/syedraza/Dropbox/ThesisSyedRaza/Figures/gapping
potential.pdf used on input line 157.
(pdftex.def)             Requested size: 346.89732pt x 505.63498pt.

[99] [100 </Users/syedraza/Dropbox/ThesisSyedRaza/Figures/gappingpotential.pdf>
] [101] [102] [103] [104] [105] [106] [107] [108] [109] [110] [111]
</Users/syedraza/Dropbox/ThesisSyedRaza/Figures/SO3schematic.png, id=7232, 442.
15187pt x 321.2pt>
File: /Users/syedraza/Dropbox/ThesisSyedRaza/Figures/SO3schematic.png Graphic f
ile (type png)

<use /Users/syedraza/Dropbox/ThesisSyedRaza/Figures/SO3schematic.png>
Package pdftex.def Info: /Users/syedraza/Dropbox/ThesisSyedRaza/Figures/SO3sche
matic.png used on input line 214.
(pdftex.def)             Requested size: 303.53267pt x 220.51079pt.

</Users/syedraza/Dropbox/ThesisSyedRaza/Figures/SO3schematic2.png, id=7234, 274
.02374pt x 152.57pt>
File: /Users/syedraza/Dropbox/ThesisSyedRaza/Figures/SO3schematic2.png Graphic 
file (type png)

<use /Users/syedraza/Dropbox/ThesisSyedRaza/Figures/SO3schematic2.png>
Package pdftex.def Info: /Users/syedraza/Dropbox/ThesisSyedRaza/Figures/SO3sche
matic2.png used on input line 215.
(pdftex.def)             Requested size: 303.53267pt x 169.01248pt.
 [112]
[113 </Users/syedraza/Dropbox/ThesisSyedRaza/Figures/SO3schematic.png> </Users/
syedraza/Dropbox/ThesisSyedRaza/Figures/SO3schematic2.png>]
Overfull \hbox (27.96922pt too wide) in paragraph at lines 220--221
\OT1/cmr/m/n/12 where $\U/msb/m/n/12 Z[]$ \OT1/cmr/m/n/12 rep-re-sents the para
fermion coset CFT [[], []] $\OML/cmm/m/it/12 SO\OT1/cmr/m/n/12 (3)[]\OML/cmm/m/
it/12 =SO\OT1/cmr/m/n/12 (2)[] = \OML/cmm/m/it/12 SU\OT1/cmr/m/n/12 (2)[]\OML/c
mm/m/it/12 =U\OT1/cmr/m/n/12 (1)[]$. 
 []

[114] [115]

Package hyperref Warning: Token not allowed in a PDF string (PDFDocEncoding):
(hyperref)                removing `math shift' on input line 227.


Package hyperref Warning: Token not allowed in a PDF string (PDFDocEncoding):
(hyperref)                removing `subscript' on input line 227.


Package hyperref Warning: Token not allowed in a PDF string (PDFDocEncoding):
(hyperref)                removing `math shift' on input line 227.

[116] [117] [118] [119] [120] [121]
</Users/syedraza/Dropbox/ThesisSyedRaza/Figures/E8schematic.pdf, id=7329, 611.5
7083pt x 678.9666pt>
File: /Users/syedraza/Dropbox/ThesisSyedRaza/Figures/E8schematic.pdf Graphic fi
le (type pdf)

<use /Users/syedraza/Dropbox/ThesisSyedRaza/Figures/E8schematic.pdf>
Package pdftex.def Info: /Users/syedraza/Dropbox/ThesisSyedRaza/Figures/E8schem
atic.pdf used on input line 271.
(pdftex.def)             Requested size: 346.89732pt x 385.12944pt.
 [122]
[123 </Users/syedraza/Dropbox/ThesisSyedRaza/Figures/E8schematic.pdf>])
[124]
\openout2 = `chap_Model3.aux'.

 (./chap_Model3.tex
Chapter 5.
[125



]
Overfull \hbox (29.32103pt too wide) in paragraph at lines 5--5
[]\OT1/cmr/m/n/12 Beginning with the interaction-enabled Dirac (semi)metal, any
 single-body symmetry-
 []

[126]
</Users/syedraza/Dropbox/ThesisSyedRaza/Figures/intenable.pdf, id=7865, 936.323
1pt x 639.15288pt>
File: /Users/syedraza/Dropbox/ThesisSyedRaza/Figures/intenable.pdf Graphic file
 (type pdf)

<use /Users/syedraza/Dropbox/ThesisSyedRaza/Figures/intenable.pdf>
Package pdftex.def Info: /Users/syedraza/Dropbox/ThesisSyedRaza/Figures/intenab
le.pdf used on input line 12.
(pdftex.def)             Requested size: 407.60387pt x 278.23405pt.
 [127]
[128 </Users/syedraza/Dropbox/ThesisSyedRaza/Figures/intenable.pdf>] [129]
</Users/syedraza/Dropbox/ThesisSyedRaza/Figures/SurfaceStates.pdf, id=7970, 887
.54689pt x 522.21901pt>
File: /Users/syedraza/Dropbox/ThesisSyedRaza/Figures/SurfaceStates.pdf Graphic 
file (type pdf)

<use /Users/syedraza/Dropbox/ThesisSyedRaza/Figures/SurfaceStates.pdf>
Package pdftex.def Info: /Users/syedraza/Dropbox/ThesisSyedRaza/Figures/Surface
States.pdf used on input line 31.
(pdftex.def)             Requested size: 416.2781pt x 244.93298pt.
 [130]
[131 </Users/syedraza/Dropbox/ThesisSyedRaza/Figures/SurfaceStates.pdf>])
[132]
\openout2 = `chap_Conclusion.aux'.

 (./chap_Conclusion.tex
Chapter 6.
[133



] [134] [135]) [136]
\openout2 = `chap_Future.aux'.

 (./chap_Future.tex
Chapter 7.
[137



] [138]
Overfull \hbox (5.8907pt too wide) in paragraph at lines 21--22
[]\OT1/cmr/m/n/12 The cur-rent work re-lies on a coupled-wire de-scrip-tion of 
ob-tain-ing three-dimensional
 []

) [139] (./ThesisSyedRaza.bbl [140


] [141] [142] [143] [144] [145] [146]
[147]
Missing character: There is no â in font cmr12!
Missing character: There is no € in font cmr12!
Missing character: There is no “ in font cmr12!
Missing character: There is no â in font cmr12!
Missing character: There is no € in font cmr12!
Missing character: There is no “ in font cmr12!
Missing character: There is no Ï in font cmr12!
Missing character: There is no € in font cmr12!
 [148] [149] [150] [151] [152] [153]
Underfull \hbox (badness 1521) in paragraph at lines 705--709
[]\OT1/cmr/m/n/12 Jun Xiong, Satya K. Kush-waha, Tian Liang, Ja-son W. Krizan, 
Max
 []

[154] [155]
Missing character: There is no Ã in font cmr12!
Missing character: There is no ¨ in font cmr12!
 [156] [157] [158] [159] [160] [161] [162]
Missing character: There is no Ã in font cmr12!
Missing character: There is no © in font cmr12!
Missing character: There is no Ã in font cmr12!
Missing character: There is no ´ in font cmr12!
Missing character: There is no Ã in font cmr12!
Missing character: There is no ³ in font cmr12!
Missing character: There is no Ã in font cmr12!
Missing character: There is no ¡ in font cmr12!
Missing character: There is no â in font cmti12!
Missing character: There is no € in font cmti12!
Missing character: There is no “ in font cmti12!
Missing character: There is no â in font cmr12!
Missing character: There is no € in font cmr12!
Missing character: There is no  in font cmr12!
 [163] [164] [165]
Underfull \hbox (badness 1521) in paragraph at lines 1329--1333
[]\OT1/cmr/m/n/12 Jun Xiong, Satya K. Kush-waha, Tian Liang, Ja-son W. Krizan, 
Max
 []

[166] [167] [168]
Underfull \hbox (badness 1107) in paragraph at lines 1432--1436
[]\OT1/cmr/m/n/12 Ching-Kai Chiu and An-dreas P. Schny-der.  Clas-si-fi-ca-tion
 of reflection-
 []

[169] [170] [171] [172] [173] [174] [175] [176] [177] [178]
Underfull \hbox (badness 1107) in paragraph at lines 1967--1971
[]\OT1/cmr/m/n/12 Ching-Kai Chiu and An-dreas P. Schny-der.  Clas-si-fi-ca-tion
 of reflection-
 []


Underfull \hbox (badness 1902) in paragraph at lines 1978--1983
[]\OT1/cmr/m/n/12 Petr Ho^^Trava.  Sta-bil-ity of fermi sur-faces and <span cla
ss="aps-inline-
 []

Missing character: There is no â in font cmr12!
Missing character: There is no € in font cmr12!
Missing character: There is no œ in font cmr12!
Missing character: There is no â in font cmr12!
Missing character: There is no € in font cmr12!
Missing character: There is no  in font cmr12!
[179]) [180]
\openout2 = `Appendix.aux'.

 (./Appendix.tex
Appendix A.
[181


] [182]
Appendix B.
[183

] [184]) [185]
Commutative Diagram: try the PostScript option for better results
Package atveryend Info: Empty hook `BeforeClearDocument' on input line 149.
Package atveryend Info: Empty hook `AfterLastShipout' on input line 149.
(./ThesisSyedRaza.aux (./title.aux) (./acknowledgements.aux) (./abstract.aux)
(./chap_Introduction.aux) (./chap_Summary.aux) (./chap_Model1.aux)
(./chap_Model2.aux) (./chap_Model3.aux) (./chap_Conclusion.aux)
(./chap_Future.aux) (./Appendix.aux))
Package atveryend Info: Executing hook `AtVeryEndDocument' on input line 149.
Package atveryend Info: Executing hook `AtEndAfterFileList' on input line 149.
Package rerunfilecheck Info: File `ThesisSyedRaza.out' has not changed.
(rerunfilecheck)             Checksum: 0B2761BA8EAAF0DB008E0F61FFF8B6C6;2251.


LaTeX Font Warning: Some font shapes were not available, defaults substituted.

Package atveryend Info: Empty hook `AtVeryVeryEnd' on input line 149.
 ) 
Here is how much of TeX's memory you used:
 11752 strings out of 493014
 162214 string characters out of 6133351
 272293 words of memory out of 5000000
 14209 multiletter control sequences out of 15000+600000
 23791 words of font info for 91 fonts, out of 8000000 for 9000
 1144 hyphenation exceptions out of 8191
 32i,23n,51p,3605b,440s stack positions out of 5000i,500n,10000p,200000b,80000s
{/usr/local/texlive/2016/texmf-dist/fonts/enc/dvips/cm-super/cm-super-ts1.enc
}</usr/local/texlive/2016/texmf-dist/fonts/type1/public/amsfonts/cm/cmbsy10.pfb
></usr/local/texlive/2016/texmf-dist/fonts/type1/public/amsfonts/cm/cmbx10.pfb>
</usr/local/texlive/2016/texmf-dist/fonts/type1/public/amsfonts/cm/cmbx12.pfb><
/usr/local/texlive/2016/texmf-dist/fonts/type1/public/amsfonts/cm/cmbx6.pfb></u
sr/local/texlive/2016/texmf-dist/fonts/type1/public/amsfonts/cm/cmbx8.pfb></usr
/local/texlive/2016/texmf-dist/fonts/type1/public/amsfonts/cm/cmex10.pfb></usr/
local/texlive/2016/texmf-dist/fonts/type1/public/amsfonts/cmextra/cmex8.pfb></u
sr/local/texlive/2016/texmf-dist/fonts/type1/public/amsfonts/cm/cmmi10.pfb></us
r/local/texlive/2016/texmf-dist/fonts/type1/public/amsfonts/cm/cmmi12.pfb></usr
/local/texlive/2016/texmf-dist/fonts/type1/public/amsfonts/cm/cmmi5.pfb></usr/l
ocal/texlive/2016/texmf-dist/fonts/type1/public/amsfonts/cm/cmmi6.pfb></usr/loc
al/texlive/2016/texmf-dist/fonts/type1/public/amsfonts/cm/cmmi7.pfb></usr/local
/texlive/2016/texmf-dist/fonts/type1/public/amsfonts/cm/cmmi8.pfb></usr/local/t
exlive/2016/texmf-dist/fonts/type1/public/amsfonts/cm/cmmib10.pfb></usr/local/t
exlive/2016/texmf-dist/fonts/type1/public/amsfonts/cmextra/cmmib8.pfb></usr/loc
al/texlive/2016/texmf-dist/fonts/type1/public/amsfonts/cm/cmr10.pfb></usr/local
/texlive/2016/texmf-dist/fonts/type1/public/amsfonts/cm/cmr12.pfb></usr/local/t
exlive/2016/texmf-dist/fonts/type1/public/amsfonts/cm/cmr17.pfb></usr/local/tex
live/2016/texmf-dist/fonts/type1/public/amsfonts/cm/cmr5.pfb></usr/local/texliv
e/2016/texmf-dist/fonts/type1/public/amsfonts/cm/cmr6.pfb></usr/local/texlive/2
016/texmf-dist/fonts/type1/public/amsfonts/cm/cmr7.pfb></usr/local/texlive/2016
/texmf-dist/fonts/type1/public/amsfonts/cm/cmr8.pfb></usr/local/texlive/2016/te
xmf-dist/fonts/type1/public/amsfonts/cm/cmss10.pfb></usr/local/texlive/2016/tex
mf-dist/fonts/type1/public/amsfonts/cm/cmss12.pfb></usr/local/texlive/2016/texm
f-dist/fonts/type1/public/amsfonts/cm/cmss8.pfb></usr/local/texlive/2016/texmf-
dist/fonts/type1/public/amsfonts/cm/cmsy10.pfb></usr/local/texlive/2016/texmf-d
ist/fonts/type1/public/amsfonts/cm/cmsy5.pfb></usr/local/texlive/2016/texmf-dis
t/fonts/type1/public/amsfonts/cm/cmsy6.pfb></usr/local/texlive/2016/texmf-dist/
fonts/type1/public/amsfonts/cm/cmsy7.pfb></usr/local/texlive/2016/texmf-dist/fo
nts/type1/public/amsfonts/cm/cmsy8.pfb></usr/local/texlive/2016/texmf-dist/font
s/type1/public/amsfonts/cm/cmti12.pfb></usr/local/texlive/2016/texmf-dist/fonts
/type1/public/amsfonts/latxfont/line10.pfb></usr/local/texlive/2016/texmf-dist/
fonts/type1/public/amsfonts/symbols/msam10.pfb></usr/local/texlive/2016/texmf-d
ist/fonts/type1/public/amsfonts/symbols/msbm10.pfb></usr/local/texlive/2016/tex
mf-dist/fonts/type1/public/cm-super/sfrm1200.pfb>
Output written on ThesisSyedRaza.pdf (192 pages, 10532141 bytes).
PDF statistics:
 10156 PDF objects out of 10688 (max. 8388607)
 6243 compressed objects within 63 object streams
 808 named destinations out of 1000 (max. 500000)
 406 words of extra memory for PDF output out of 10000 (max. 10000000)

