\BOOKMARK [0][-]{chapter.1}{Introduction}{}% 1
\BOOKMARK [1][-]{section.1.1}{Background}{chapter.1}% 2
\BOOKMARK [2][-]{subsection.1.1.1}{Topological band theory}{section.1.1}% 3
\BOOKMARK [2][-]{subsection.1.1.2}{2D Topological Order}{section.1.1}% 4
\BOOKMARK [2][-]{subsection.1.1.3}{3D Topological order}{section.1.1}% 5
\BOOKMARK [2][-]{subsection.1.1.4}{Symmetry Protected Topological \(SPT\) phases}{section.1.1}% 6
\BOOKMARK [2][-]{subsection.1.1.5}{Symmetry Enriched Topological \(SET\) phases}{section.1.1}% 7
\BOOKMARK [0][-]{chapter.2}{Summary of Results}{}% 8
\BOOKMARK [0][-]{chapter.3}{Model 1: Dirac and Weyl Semimetals}{}% 9
\BOOKMARK [1][-]{section.3.1}{Introduction}{chapter.3}% 10
\BOOKMARK [1][-]{section.3.2}{Coupled Wire model of Dirac Semimetals}{chapter.3}% 11
\BOOKMARK [2][-]{subsection.3.2.1}{The anomalous Dirac semimetal}{section.3.2}% 12
\BOOKMARK [2][-]{subsection.3.2.2}{Surface Fermi arcs}{section.3.2}% 13
\BOOKMARK [1][-]{section.3.3}{Many-body interacting variations}{chapter.3}% 14
\BOOKMARK [2][-]{subsection.3.3.1}{Gluing and splitting}{section.3.3}% 15
\BOOKMARK [2][-]{subsection.3.3.2}{Symmetry preserving massive interacting model}{section.3.3}% 16
\BOOKMARK [2][-]{subsection.3.3.3}{Antiferromagnetic stabilization}{section.3.3}% 17
\BOOKMARK [0][-]{chapter.4}{Model 2: Dirac Nodal Superconductor}{}% 18
\BOOKMARK [1][-]{section.4.1}{Introduction}{chapter.4}% 19
\BOOKMARK [1][-]{section.4.2}{Coupled Wire Models of Dirac Nodal Superconductor}{chapter.4}% 20
\BOOKMARK [1][-]{section.4.3}{Symmetry preserving many-body gapping interactions}{chapter.4}% 21
\BOOKMARK [2][-]{subsection.4.3.1}{The N=2r - Even Case}{section.4.3}% 22
\BOOKMARK [2][-]{subsection.4.3.2}{The N=2r+1 odd case}{section.4.3}% 23
\BOOKMARK [2][-]{subsection.4.3.3}{E8 unimodular gapping potential}{section.4.3}% 24
\BOOKMARK [0][-]{chapter.5}{Model 3: Interacting Weyl Semimetal with two Weyl nodes}{}% 25
\BOOKMARK [1][-]{section.5.1}{Fractional Surface States}{chapter.5}% 26
\BOOKMARK [0][-]{chapter.6}{Conclusion}{}% 27
\BOOKMARK [0][-]{chapter.7}{Future Directions}{}% 28
\BOOKMARK [0][-]{appendix.A}{Chiral modes along topological defects}{}% 29
\BOOKMARK [0][-]{appendix.B}{Symmetry transformations of Chern invariants}{}% 30
